<?xml version="1.0" encoding="UTF-8"?>
<!-- Generated by org.testng.reporters.JUnitXMLReporter -->
<testsuite hostname="LTIN235512" ignored="0" name="Chrome" tests="4" failures="0" timestamp="2022-01-25T11:16:38 IST" time="120.067" errors="0">
  <testcase name="url" time="52.514" classname="com.becognizant.verify.verifytracker"/>
  <testcase name="validation" time="0.014" classname="com.becognizant.verify.verifytracker"/>
  <testcase name="Search" time="5.702" classname="com.becognizant.verify.verifytracker"/>
  <testcase name="getholiday" time="48.839" classname="com.becognizant.verify.verifytracker"/>
</testsuite> <!-- Chrome -->
