<?xml version="1.0" encoding="UTF-8"?>
<!-- Generated by org.testng.reporters.JUnitXMLReporter -->
<testsuite hostname="LTIN235512" ignored="0" name="Edge" tests="4" failures="0" timestamp="2022-01-25T11:18:15 IST" time="96.713" errors="0">
  <testcase name="url" time="29.123" classname="com.becognizant.verify.verifytracker"/>
  <testcase name="validation" time="0.019" classname="com.becognizant.verify.verifytracker"/>
  <testcase name="Search" time="6.053" classname="com.becognizant.verify.verifytracker"/>
  <testcase name="getholiday" time="48.528" classname="com.becognizant.verify.verifytracker"/>
</testsuite> <!-- Edge -->
