<?xml version="1.0" encoding="UTF-8"?>
<!-- Generated by org.testng.reporters.JUnitXMLReporter -->
<testsuite hostname="LTIN235512" ignored="0" name="Firefox" tests="4" failures="0" timestamp="2022-01-25T11:20:10 IST" time="115.346" errors="0">
  <testcase name="url" time="44.997" classname="com.becognizant.verify.verifytracker"/>
  <testcase name="validation" time="0.006" classname="com.becognizant.verify.verifytracker"/>
  <testcase name="Search" time="6.184" classname="com.becognizant.verify.verifytracker"/>
  <testcase name="getholiday" time="46.316" classname="com.becognizant.verify.verifytracker"/>
</testsuite> <!-- Firefox -->
